2024-12-30 13:43:47,563:WARNING:
'cuml' is a soft dependency and not included in the pycaret installation. Please run: `pip install cuml` to install.
2024-12-30 13:43:47,563:WARNING:
'cuml' is a soft dependency and not included in the pycaret installation. Please run: `pip install cuml` to install.
2024-12-30 13:43:47,563:WARNING:
'cuml' is a soft dependency and not included in the pycaret installation. Please run: `pip install cuml` to install.
2024-12-30 13:43:47,563:WARNING:
'cuml' is a soft dependency and not included in the pycaret installation. Please run: `pip install cuml` to install.
2024-12-30 18:15:47,995:INFO:PyCaret ClusteringExperiment
2024-12-30 18:15:47,998:INFO:Logging name: cluster-default-name
2024-12-30 18:15:47,999:INFO:ML Usecase: MLUsecase.CLUSTERING
2024-12-30 18:15:47,999:INFO:version 3.3.2
2024-12-30 18:15:47,999:INFO:Initializing setup()
2024-12-30 18:15:47,999:INFO:self.USI: b232
2024-12-30 18:15:48,000:INFO:self._variable_keys: {'memory', 'seed', 'data', '_available_plots', 'idx', 'html_param', 'USI', '_ml_usecase', 'n_jobs_param', 'gpu_n_jobs_param', 'exp_id', 'exp_name_log', 'X', 'gpu_param', 'logging_param', 'log_plots_param', 'pipeline'}
2024-12-30 18:15:48,000:INFO:Checking environment
2024-12-30 18:15:48,002:INFO:python_version: 3.11.10
2024-12-30 18:15:48,002:INFO:python_build: ('main', 'Oct  3 2024 07:22:26')
2024-12-30 18:15:48,002:INFO:machine: AMD64
2024-12-30 18:15:48,002:INFO:platform: Windows-10-10.0.19045-SP0
2024-12-30 18:15:48,007:INFO:Memory: svmem(total=4154216448, available=811610112, percent=80.5, used=3342606336, free=811610112)
2024-12-30 18:15:48,008:INFO:Physical Core: 2
2024-12-30 18:15:48,008:INFO:Logical Core: 4
2024-12-30 18:15:48,008:INFO:Checking libraries
2024-12-30 18:15:48,010:INFO:System:
2024-12-30 18:15:48,010:INFO:    python: 3.11.10 | packaged by Anaconda, Inc. | (main, Oct  3 2024, 07:22:26) [MSC v.1929 64 bit (AMD64)]
2024-12-30 18:15:48,010:INFO:executable: C:\Users\Lenovo\.conda\envs\od_zera_do_ai\python.exe
2024-12-30 18:15:48,010:INFO:   machine: Windows-10-10.0.19045-SP0
2024-12-30 18:15:48,011:INFO:PyCaret required dependencies:
2024-12-30 18:15:48,713:INFO:                 pip: 24.2
2024-12-30 18:15:48,713:INFO:          setuptools: 75.1.0
2024-12-30 18:15:48,713:INFO:             pycaret: 3.3.2
2024-12-30 18:15:48,713:INFO:             IPython: 8.27.0
2024-12-30 18:15:48,713:INFO:          ipywidgets: 8.1.5
2024-12-30 18:15:48,713:INFO:                tqdm: 4.67.1
2024-12-30 18:15:48,713:INFO:               numpy: 1.26.4
2024-12-30 18:15:48,714:INFO:              pandas: 2.1.4
2024-12-30 18:15:48,714:INFO:              jinja2: 3.1.4
2024-12-30 18:15:48,714:INFO:               scipy: 1.11.4
2024-12-30 18:15:48,714:INFO:              joblib: 1.3.2
2024-12-30 18:15:48,714:INFO:             sklearn: 1.4.2
2024-12-30 18:15:48,714:INFO:                pyod: 2.0.3
2024-12-30 18:15:48,714:INFO:            imblearn: 0.13.0
2024-12-30 18:15:48,714:INFO:   category_encoders: 2.6.4
2024-12-30 18:15:48,714:INFO:            lightgbm: 4.5.0
2024-12-30 18:15:48,715:INFO:               numba: 0.60.0
2024-12-30 18:15:48,715:INFO:            requests: 2.32.3
2024-12-30 18:15:48,715:INFO:          matplotlib: 3.7.5
2024-12-30 18:15:48,715:INFO:          scikitplot: 0.3.7
2024-12-30 18:15:48,715:INFO:         yellowbrick: 1.5
2024-12-30 18:15:48,715:INFO:              plotly: 5.24.1
2024-12-30 18:15:48,715:INFO:    plotly-resampler: Not installed
2024-12-30 18:15:48,715:INFO:             kaleido: 0.2.1
2024-12-30 18:15:48,715:INFO:           schemdraw: 0.15
2024-12-30 18:15:48,715:INFO:         statsmodels: 0.14.4
2024-12-30 18:15:48,716:INFO:              sktime: 0.26.0
2024-12-30 18:15:48,716:INFO:               tbats: 1.1.3
2024-12-30 18:15:48,716:INFO:            pmdarima: 2.0.4
2024-12-30 18:15:48,716:INFO:              psutil: 5.9.0
2024-12-30 18:15:48,716:INFO:          markupsafe: 2.1.3
2024-12-30 18:15:48,716:INFO:             pickle5: Not installed
2024-12-30 18:15:48,716:INFO:         cloudpickle: 3.1.0
2024-12-30 18:15:48,717:INFO:         deprecation: 2.1.0
2024-12-30 18:15:48,717:INFO:              xxhash: 3.5.0
2024-12-30 18:15:48,717:INFO:           wurlitzer: Not installed
2024-12-30 18:15:48,717:INFO:PyCaret optional dependencies:
2024-12-30 18:15:48,760:INFO:                shap: Not installed
2024-12-30 18:15:48,760:INFO:           interpret: Not installed
2024-12-30 18:15:48,760:INFO:                umap: Not installed
2024-12-30 18:15:48,760:INFO:     ydata_profiling: 4.12.1
2024-12-30 18:15:48,760:INFO:  explainerdashboard: Not installed
2024-12-30 18:15:48,760:INFO:             autoviz: Not installed
2024-12-30 18:15:48,761:INFO:           fairlearn: Not installed
2024-12-30 18:15:48,761:INFO:          deepchecks: Not installed
2024-12-30 18:15:48,761:INFO:             xgboost: Not installed
2024-12-30 18:15:48,761:INFO:            catboost: Not installed
2024-12-30 18:15:48,761:INFO:              kmodes: Not installed
2024-12-30 18:15:48,761:INFO:             mlxtend: Not installed
2024-12-30 18:15:48,761:INFO:       statsforecast: Not installed
2024-12-30 18:15:48,761:INFO:        tune_sklearn: Not installed
2024-12-30 18:15:48,761:INFO:                 ray: Not installed
2024-12-30 18:15:48,762:INFO:            hyperopt: Not installed
2024-12-30 18:15:48,762:INFO:              optuna: Not installed
2024-12-30 18:15:48,762:INFO:               skopt: Not installed
2024-12-30 18:15:48,762:INFO:              mlflow: Not installed
2024-12-30 18:15:48,762:INFO:              gradio: Not installed
2024-12-30 18:15:48,762:INFO:             fastapi: Not installed
2024-12-30 18:15:48,762:INFO:             uvicorn: Not installed
2024-12-30 18:15:48,762:INFO:              m2cgen: Not installed
2024-12-30 18:15:48,762:INFO:           evidently: Not installed
2024-12-30 18:15:48,763:INFO:               fugue: Not installed
2024-12-30 18:15:48,763:INFO:           streamlit: 1.41.1
2024-12-30 18:15:48,763:INFO:             prophet: Not installed
2024-12-30 18:15:48,763:INFO:None
2024-12-30 18:15:48,763:INFO:Set up data.
2024-12-30 18:15:48,865:INFO:Set up index.
2024-12-30 18:15:48,866:INFO:Assigning column types.
2024-12-30 18:15:48,887:INFO:Engine successfully changes for model 'kmeans' to 'sklearn'.
2024-12-30 18:15:48,890:INFO:Engine for model 'dbscan' has not been set explicitly, hence returning None.
2024-12-30 18:15:48,890:WARNING:
'kmodes' is a soft dependency and not included in the pycaret installation. Please run: `pip install kmodes` to install.
Alternately, you can install this by running `pip install pycaret[models]`
2024-12-30 18:15:48,890:INFO:Engine for model 'dbscan' has not been set explicitly, hence returning None.
2024-12-30 18:15:48,890:WARNING:
'kmodes' is a soft dependency and not included in the pycaret installation. Please run: `pip install kmodes` to install.
Alternately, you can install this by running `pip install pycaret[models]`
2024-12-30 18:15:48,891:INFO:Engine successfully changes for model 'dbscan' to 'sklearn'.
2024-12-30 18:15:48,891:WARNING:
'kmodes' is a soft dependency and not included in the pycaret installation. Please run: `pip install kmodes` to install.
Alternately, you can install this by running `pip install pycaret[models]`
2024-12-30 18:15:48,891:WARNING:
'kmodes' is a soft dependency and not included in the pycaret installation. Please run: `pip install kmodes` to install.
Alternately, you can install this by running `pip install pycaret[models]`
2024-12-30 18:15:48,906:INFO:Preparing preprocessing pipeline...
2024-12-30 18:15:48,907:INFO:Set up simple imputation.
2024-12-30 18:15:48,921:INFO:Set up encoding of ordinal features.
2024-12-30 18:15:48,923:INFO:Set up encoding of categorical features.
2024-12-30 18:15:49,237:INFO:Finished creating preprocessing pipeline.
2024-12-30 18:15:49,296:INFO:Pipeline: Pipeline(memory=FastMemory(location=C:\Users\Lenovo\AppData\Local\Temp\joblib),
         steps=[('numerical_imputer',
                 TransformerWrapper(include=[], transformer=SimpleImputer())),
                ('categorical_imputer',
                 TransformerWrapper(include=['age', 'edu_level', 'fav_animals',
                                             'fav_place', 'gender'],
                                    transformer=SimpleImputer(strategy='most_frequent'))),
                ('ordinal_encoding',
                 Tran...
                                    transformer=OrdinalEncoder(cols=['gender'],
                                                               handle_missing='return_nan',
                                                               mapping=[{'col': 'gender',
                                                                         'data_type': dtype('O'),
                                                                         'mapping': Kobieta      0
Mê¿czyzna    1
NaN         -1
dtype: int64}]))),
                ('onehot_encoding',
                 TransformerWrapper(include=['age', 'edu_level', 'fav_animals',
                                             'fav_place'],
                                    transformer=OneHotEncoder(cols=['age',
                                                                    'edu_level',
                                                                    'fav_animals',
                                                                    'fav_place'],
                                                              handle_missing='return_nan',
                                                              use_cat_names=True)))])
2024-12-30 18:15:49,298:INFO:Creating final display dataframe.
2024-12-30 18:15:50,117:INFO:Setup _display_container:                  Description                 Value
0                 Session id                   123
1        Original data shape              (229, 5)
2     Transformed data shape             (229, 21)
3       Categorical features                     5
4   Rows with missing values                 13.1%
5                 Preprocess                  True
6            Imputation type                simple
7         Numeric imputation                  mean
8     Categorical imputation                  mode
9   Maximum one-hot encoding                    -1
10           Encoding method                  None
11                  CPU Jobs                    -1
12                   Use GPU                 False
13            Log Experiment                 False
14           Experiment Name  cluster-default-name
15                       USI                  b232
2024-12-30 18:15:50,135:WARNING:
'kmodes' is a soft dependency and not included in the pycaret installation. Please run: `pip install kmodes` to install.
Alternately, you can install this by running `pip install pycaret[models]`
2024-12-30 18:15:50,135:WARNING:
'kmodes' is a soft dependency and not included in the pycaret installation. Please run: `pip install kmodes` to install.
Alternately, you can install this by running `pip install pycaret[models]`
2024-12-30 18:15:50,136:INFO:setup() successfully completed in 2.28s...............
2024-12-30 18:16:44,663:INFO:Initializing create_model()
2024-12-30 18:16:44,663:INFO:create_model(self=<pycaret.clustering.oop.ClusteringExperiment object at 0x000001EDC20193D0>, estimator=kmeans, num_clusters=8, fraction=0.05, ground_truth=None, round=4, fit_kwargs=None, experiment_custom_tags=None, verbose=True, system=True, add_to_model_list=True, raise_num_clusters=False, display=None, kwargs={})
2024-12-30 18:16:44,664:INFO:Checking exceptions
2024-12-30 18:16:44,957:INFO:Importing untrained model
2024-12-30 18:16:44,967:INFO:K-Means Clustering Imported successfully
2024-12-30 18:16:44,983:INFO:Fitting Model
2024-12-30 18:16:46,133:WARNING:C:\Users\Lenovo\.conda\envs\od_zera_do_ai\Lib\site-packages\sklearn\cluster\_kmeans.py:1446: UserWarning: KMeans is known to have a memory leak on Windows with MKL, when there are less chunks than available threads. You can avoid it by setting the environment variable OMP_NUM_THREADS=1.
  warnings.warn(

2024-12-30 18:16:46,198:INFO:KMeans(random_state=123)
2024-12-30 18:16:46,198:INFO:create_models() successfully completed......................................
2024-12-30 18:16:46,206:INFO:Uploading results into container
2024-12-30 18:16:46,208:INFO:Uploading model into container now
2024-12-30 18:16:46,220:INFO:_master_model_container: 1
2024-12-30 18:16:46,220:INFO:_display_container: 2
2024-12-30 18:16:46,222:INFO:KMeans(random_state=123)
2024-12-30 18:16:46,222:INFO:create_model() successfully completed......................................
2024-12-30 18:16:56,239:INFO:Initializing assign_model()
2024-12-30 18:16:56,239:INFO:assign_model(self=<pycaret.clustering.oop.ClusteringExperiment object at 0x000001EDC20193D0>, model=KMeans(random_state=123), transformation=False, score=True, verbose=True)
2024-12-30 18:16:56,240:INFO:Checking exceptions
2024-12-30 18:16:56,240:INFO:Determining Trained Model
2024-12-30 18:16:56,241:INFO:Trained Model : K-Means Clustering
2024-12-30 18:16:56,242:INFO:Copying data
2024-12-30 18:16:56,248:INFO:(229, 6)
2024-12-30 18:16:56,249:INFO:assign_model() successfully completed......................................
2024-12-30 18:17:31,248:INFO:Initializing plot_model()
2024-12-30 18:17:31,249:INFO:plot_model(self=<pycaret.clustering.oop.ClusteringExperiment object at 0x000001EDC20193D0>, estimator=KMeans(random_state=123), plot=cluster, scale=1, save=False, fold=None, fit_kwargs=None, plot_kwargs=None, groups=None, feature_name=None, label=False, verbose=True, system=True, display=None, display_format=None)
2024-12-30 18:17:31,249:INFO:Checking exceptions
2024-12-30 18:17:31,261:INFO:Preloading libraries
2024-12-30 18:17:31,262:INFO:Copying training dataset
2024-12-30 18:17:31,263:INFO:Plot type: cluster
2024-12-30 18:17:31,265:INFO:SubProcess assign_model() called ==================================
2024-12-30 18:17:31,267:INFO:Initializing assign_model()
2024-12-30 18:17:31,267:INFO:assign_model(self=<pycaret.clustering.oop.ClusteringExperiment object at 0x000001EDC20193D0>, model=KMeans(random_state=123), transformation=True, score=True, verbose=False)
2024-12-30 18:17:31,267:INFO:Checking exceptions
2024-12-30 18:17:31,268:INFO:Determining Trained Model
2024-12-30 18:17:31,268:INFO:Trained Model : K-Means Clustering
2024-12-30 18:17:31,268:INFO:Copying data
2024-12-30 18:17:31,375:INFO:Transformation parameter set to True. Assigned clusters are attached on transformed dataset.
2024-12-30 18:17:31,376:INFO:(229, 22)
2024-12-30 18:17:31,377:INFO:assign_model() successfully completed......................................
2024-12-30 18:17:31,377:INFO:SubProcess assign_model() end ==================================
2024-12-30 18:17:31,380:INFO:Fitting PCA()
2024-12-30 18:17:31,416:INFO:Sorting dataframe
2024-12-30 18:17:31,422:INFO:Rendering Visual
2024-12-30 18:17:36,990:INFO:Visual Rendered Successfully
2024-12-30 18:17:37,166:INFO:plot_model() successfully completed......................................
2024-12-30 18:18:07,381:INFO:Initializing save_model()
2024-12-30 18:18:07,381:INFO:save_model(model=KMeans(random_state=123), model_name=welcome_survey_clustering_pipeline_v2, prep_pipe_=Pipeline(memory=FastMemory(location=C:\Users\Lenovo\AppData\Local\Temp\joblib),
         steps=[('numerical_imputer',
                 TransformerWrapper(include=[], transformer=SimpleImputer())),
                ('categorical_imputer',
                 TransformerWrapper(include=['age', 'edu_level', 'fav_animals',
                                             'fav_place', 'gender'],
                                    transformer=SimpleImputer(strategy='most_frequent'))),
                ('ordinal_encoding',
                 Tran...
                                    transformer=OrdinalEncoder(cols=['gender'],
                                                               handle_missing='return_nan',
                                                               mapping=[{'col': 'gender',
                                                                         'data_type': dtype('O'),
                                                                         'mapping': Kobieta      0
Mê¿czyzna    1
NaN         -1
dtype: int64}]))),
                ('onehot_encoding',
                 TransformerWrapper(include=['age', 'edu_level', 'fav_animals',
                                             'fav_place'],
                                    transformer=OneHotEncoder(cols=['age',
                                                                    'edu_level',
                                                                    'fav_animals',
                                                                    'fav_place'],
                                                              handle_missing='return_nan',
                                                              use_cat_names=True)))]), verbose=False, use_case=MLUsecase.CLUSTERING, kwargs={})
2024-12-30 18:18:07,381:INFO:Adding model into prep_pipe
2024-12-30 18:18:07,431:INFO:welcome_survey_clustering_pipeline_v2.pkl saved in current working directory
2024-12-30 18:18:07,482:INFO:Pipeline(memory=Memory(location=None),
         steps=[('numerical_imputer',
                 TransformerWrapper(include=[], transformer=SimpleImputer())),
                ('categorical_imputer',
                 TransformerWrapper(include=['age', 'edu_level', 'fav_animals',
                                             'fav_place', 'gender'],
                                    transformer=SimpleImputer(strategy='most_frequent'))),
                ('ordinal_encoding',
                 TransformerWrapper(include=['gender'],
                                    transfo...
                                                               mapping=[{'col': 'gender',
                                                                         'data_type': dtype('O'),
                                                                         'mapping': Kobieta      0
Mê¿czyzna    1
NaN         -1
dtype: int64}]))),
                ('onehot_encoding',
                 TransformerWrapper(include=['age', 'edu_level', 'fav_animals',
                                             'fav_place'],
                                    transformer=OneHotEncoder(cols=['age',
                                                                    'edu_level',
                                                                    'fav_animals',
                                                                    'fav_place'],
                                                              handle_missing='return_nan',
                                                              use_cat_names=True))),
                ('trained_model', KMeans(random_state=123))])
2024-12-30 18:18:07,482:INFO:save_model() successfully completed......................................
2024-12-30 18:18:24,449:INFO:Initializing load_model()
2024-12-30 18:18:24,450:INFO:load_model(model_name=welcome_survey_clustering_pipeline_v2, platform=None, authentication=None, verbose=True)
2024-12-30 18:18:53,357:INFO:Initializing predict_model()
2024-12-30 18:18:53,357:INFO:predict_model(self=<pycaret.clustering.oop.ClusteringExperiment object at 0x000001EDC20193D0>, estimator=Pipeline(memory=FastMemory(location=C:\Users\Lenovo\AppData\Local\Temp\joblib),
         steps=[('numerical_imputer',
                 TransformerWrapper(include=[], transformer=SimpleImputer())),
                ('categorical_imputer',
                 TransformerWrapper(include=['age', 'edu_level', 'fav_animals',
                                             'fav_place', 'gender'],
                                    transformer=SimpleImputer(strategy='most_frequent'))),
                ('ordinal_encoding',
                 Tran...
                                                               mapping=[{'col': 'gender',
                                                                         'data_type': dtype('O'),
                                                                         'mapping': Kobieta      0
Mê¿czyzna    1
NaN         -1
dtype: int64}]))),
                ('onehot_encoding',
                 TransformerWrapper(include=['age', 'edu_level', 'fav_animals',
                                             'fav_place'],
                                    transformer=OneHotEncoder(cols=['age',
                                                                    'edu_level',
                                                                    'fav_animals',
                                                                    'fav_place'],
                                                              handle_missing='return_nan',
                                                              use_cat_names=True))),
                ('trained_model', KMeans(random_state=123))]), ml_usecase=None)
2024-12-30 18:18:53,358:INFO:Set up data.
2024-12-30 18:20:34,616:WARNING:
'cuml' is a soft dependency and not included in the pycaret installation. Please run: `pip install cuml` to install.
2024-12-30 18:20:34,616:WARNING:
'cuml' is a soft dependency and not included in the pycaret installation. Please run: `pip install cuml` to install.
2024-12-30 18:20:34,616:WARNING:
'cuml' is a soft dependency and not included in the pycaret installation. Please run: `pip install cuml` to install.
2024-12-30 18:20:34,616:WARNING:
'cuml' is a soft dependency and not included in the pycaret installation. Please run: `pip install cuml` to install.
2024-12-30 18:21:10,695:INFO:Initializing load_model()
2024-12-30 18:21:10,696:INFO:load_model(model_name=welcome_survey_clustering_pipeline_v2, platform=None, authentication=None, verbose=True)
2024-12-30 18:21:19,929:INFO:Initializing predict_model()
2024-12-30 18:21:19,929:INFO:predict_model(self=<pycaret.clustering.oop.ClusteringExperiment object at 0x0000023989E50290>, estimator=Pipeline(memory=Memory(location=None),
         steps=[('numerical_imputer',
                 TransformerWrapper(include=[], transformer=SimpleImputer())),
                ('categorical_imputer',
                 TransformerWrapper(include=['age', 'edu_level', 'fav_animals',
                                             'fav_place', 'gender'],
                                    transformer=SimpleImputer(strategy='most_frequent'))),
                ('ordinal_encoding',
                 TransformerWrapper(include=['gender'],
                                    transfo...
                                                               mapping=[{'col': 'gender',
                                                                         'data_type': dtype('O'),
                                                                         'mapping': Kobieta      0
Mê¿czyzna    1
NaN         -1
dtype: int64}]))),
                ('onehot_encoding',
                 TransformerWrapper(include=['age', 'edu_level', 'fav_animals',
                                             'fav_place'],
                                    transformer=OneHotEncoder(cols=['age',
                                                                    'edu_level',
                                                                    'fav_animals',
                                                                    'fav_place'],
                                                              handle_missing='return_nan',
                                                              use_cat_names=True))),
                ('trained_model', KMeans(random_state=123))]), ml_usecase=None)
2024-12-30 18:21:19,930:INFO:Set up data.
2024-12-30 18:30:21,829:WARNING:
'cuml' is a soft dependency and not included in the pycaret installation. Please run: `pip install cuml` to install.
2024-12-30 18:30:21,830:WARNING:
'cuml' is a soft dependency and not included in the pycaret installation. Please run: `pip install cuml` to install.
2024-12-30 18:30:21,830:WARNING:
'cuml' is a soft dependency and not included in the pycaret installation. Please run: `pip install cuml` to install.
2024-12-30 18:30:21,830:WARNING:
'cuml' is a soft dependency and not included in the pycaret installation. Please run: `pip install cuml` to install.
2024-12-30 18:30:26,202:INFO:Initializing load_model()
2024-12-30 18:30:26,203:INFO:load_model(model_name=welcome_survey_clustering_pipeline_v2, platform=None, authentication=None, verbose=True)
2024-12-30 18:30:26,529:INFO:Initializing predict_model()
2024-12-30 18:30:26,530:INFO:predict_model(self=<pycaret.clustering.oop.ClusteringExperiment object at 0x000002855223C310>, estimator=Pipeline(memory=Memory(location=None),
         steps=[('numerical_imputer',
                 TransformerWrapper(include=[], transformer=SimpleImputer())),
                ('categorical_imputer',
                 TransformerWrapper(include=['age', 'edu_level', 'fav_animals',
                                             'fav_place', 'gender'],
                                    transformer=SimpleImputer(strategy='most_frequent'))),
                ('ordinal_encoding',
                 TransformerWrapper(include=['gender'],
                                    transfo...
                                                               mapping=[{'col': 'gender',
                                                                         'data_type': dtype('O'),
                                                                         'mapping': Kobieta      0
Mê¿czyzna    1
NaN         -1
dtype: int64}]))),
                ('onehot_encoding',
                 TransformerWrapper(include=['age', 'edu_level', 'fav_animals',
                                             'fav_place'],
                                    transformer=OneHotEncoder(cols=['age',
                                                                    'edu_level',
                                                                    'fav_animals',
                                                                    'fav_place'],
                                                              handle_missing='return_nan',
                                                              use_cat_names=True))),
                ('trained_model', KMeans(random_state=123))]), ml_usecase=None)
2024-12-30 18:30:26,530:INFO:Set up data.
2024-12-30 18:30:27,071:INFO:Initializing predict_model()
2024-12-30 18:30:27,071:INFO:predict_model(self=<pycaret.clustering.oop.ClusteringExperiment object at 0x00000285521C6E50>, estimator=Pipeline(memory=Memory(location=None),
         steps=[('numerical_imputer',
                 TransformerWrapper(include=[], transformer=SimpleImputer())),
                ('categorical_imputer',
                 TransformerWrapper(include=['age', 'edu_level', 'fav_animals',
                                             'fav_place', 'gender'],
                                    transformer=SimpleImputer(strategy='most_frequent'))),
                ('ordinal_encoding',
                 TransformerWrapper(include=['gender'],
                                    transfo...
                                                               mapping=[{'col': 'gender',
                                                                         'data_type': dtype('O'),
                                                                         'mapping': Kobieta      0
Mê¿czyzna    1
NaN         -1
dtype: int64}]))),
                ('onehot_encoding',
                 TransformerWrapper(include=['age', 'edu_level', 'fav_animals',
                                             'fav_place'],
                                    transformer=OneHotEncoder(cols=['age',
                                                                    'edu_level',
                                                                    'fav_animals',
                                                                    'fav_place'],
                                                              handle_missing='return_nan',
                                                              use_cat_names=True))),
                ('trained_model', KMeans(random_state=123))]), ml_usecase=None)
2024-12-30 18:30:27,072:INFO:Set up data.
2024-12-30 18:30:38,960:INFO:Initializing predict_model()
2024-12-30 18:30:38,961:INFO:predict_model(self=<pycaret.clustering.oop.ClusteringExperiment object at 0x0000028551E242D0>, estimator=Pipeline(memory=Memory(location=None),
         steps=[('numerical_imputer',
                 TransformerWrapper(include=[], transformer=SimpleImputer())),
                ('categorical_imputer',
                 TransformerWrapper(include=['age', 'edu_level', 'fav_animals',
                                             'fav_place', 'gender'],
                                    transformer=SimpleImputer(strategy='most_frequent'))),
                ('ordinal_encoding',
                 TransformerWrapper(include=['gender'],
                                    transfo...
                                                               mapping=[{'col': 'gender',
                                                                         'data_type': dtype('O'),
                                                                         'mapping': Kobieta      0
Mê¿czyzna    1
NaN         -1
dtype: int64}]))),
                ('onehot_encoding',
                 TransformerWrapper(include=['age', 'edu_level', 'fav_animals',
                                             'fav_place'],
                                    transformer=OneHotEncoder(cols=['age',
                                                                    'edu_level',
                                                                    'fav_animals',
                                                                    'fav_place'],
                                                              handle_missing='return_nan',
                                                              use_cat_names=True))),
                ('trained_model', KMeans(random_state=123))]), ml_usecase=None)
2024-12-30 18:30:38,961:INFO:Set up data.
2024-12-30 18:30:41,772:INFO:Initializing predict_model()
2024-12-30 18:30:41,772:INFO:predict_model(self=<pycaret.clustering.oop.ClusteringExperiment object at 0x0000028555F1B510>, estimator=Pipeline(memory=Memory(location=None),
         steps=[('numerical_imputer',
                 TransformerWrapper(include=[], transformer=SimpleImputer())),
                ('categorical_imputer',
                 TransformerWrapper(include=['age', 'edu_level', 'fav_animals',
                                             'fav_place', 'gender'],
                                    transformer=SimpleImputer(strategy='most_frequent'))),
                ('ordinal_encoding',
                 TransformerWrapper(include=['gender'],
                                    transfo...
                                                               mapping=[{'col': 'gender',
                                                                         'data_type': dtype('O'),
                                                                         'mapping': Kobieta      0
Mê¿czyzna    1
NaN         -1
dtype: int64}]))),
                ('onehot_encoding',
                 TransformerWrapper(include=['age', 'edu_level', 'fav_animals',
                                             'fav_place'],
                                    transformer=OneHotEncoder(cols=['age',
                                                                    'edu_level',
                                                                    'fav_animals',
                                                                    'fav_place'],
                                                              handle_missing='return_nan',
                                                              use_cat_names=True))),
                ('trained_model', KMeans(random_state=123))]), ml_usecase=None)
2024-12-30 18:30:41,772:INFO:Set up data.
2024-12-30 18:30:44,449:INFO:Initializing predict_model()
2024-12-30 18:30:44,449:INFO:predict_model(self=<pycaret.clustering.oop.ClusteringExperiment object at 0x0000028555DF1C50>, estimator=Pipeline(memory=Memory(location=None),
         steps=[('numerical_imputer',
                 TransformerWrapper(include=[], transformer=SimpleImputer())),
                ('categorical_imputer',
                 TransformerWrapper(include=['age', 'edu_level', 'fav_animals',
                                             'fav_place', 'gender'],
                                    transformer=SimpleImputer(strategy='most_frequent'))),
                ('ordinal_encoding',
                 TransformerWrapper(include=['gender'],
                                    transfo...
                                                               mapping=[{'col': 'gender',
                                                                         'data_type': dtype('O'),
                                                                         'mapping': Kobieta      0
Mê¿czyzna    1
NaN         -1
dtype: int64}]))),
                ('onehot_encoding',
                 TransformerWrapper(include=['age', 'edu_level', 'fav_animals',
                                             'fav_place'],
                                    transformer=OneHotEncoder(cols=['age',
                                                                    'edu_level',
                                                                    'fav_animals',
                                                                    'fav_place'],
                                                              handle_missing='return_nan',
                                                              use_cat_names=True))),
                ('trained_model', KMeans(random_state=123))]), ml_usecase=None)
2024-12-30 18:30:44,449:INFO:Set up data.
2024-12-30 18:31:14,987:INFO:Initializing predict_model()
2024-12-30 18:31:14,991:INFO:predict_model(self=<pycaret.clustering.oop.ClusteringExperiment object at 0x0000028555FCF410>, estimator=Pipeline(memory=Memory(location=None),
         steps=[('numerical_imputer',
                 TransformerWrapper(include=[], transformer=SimpleImputer())),
                ('categorical_imputer',
                 TransformerWrapper(include=['age', 'edu_level', 'fav_animals',
                                             'fav_place', 'gender'],
                                    transformer=SimpleImputer(strategy='most_frequent'))),
                ('ordinal_encoding',
                 TransformerWrapper(include=['gender'],
                                    transfo...
                                                               mapping=[{'col': 'gender',
                                                                         'data_type': dtype('O'),
                                                                         'mapping': Kobieta      0
Mê¿czyzna    1
NaN         -1
dtype: int64}]))),
                ('onehot_encoding',
                 TransformerWrapper(include=['age', 'edu_level', 'fav_animals',
                                             'fav_place'],
                                    transformer=OneHotEncoder(cols=['age',
                                                                    'edu_level',
                                                                    'fav_animals',
                                                                    'fav_place'],
                                                              handle_missing='return_nan',
                                                              use_cat_names=True))),
                ('trained_model', KMeans(random_state=123))]), ml_usecase=None)
2024-12-30 18:31:14,991:INFO:Set up data.
2024-12-30 18:31:38,358:INFO:Initializing predict_model()
2024-12-30 18:31:38,359:INFO:predict_model(self=<pycaret.clustering.oop.ClusteringExperiment object at 0x0000028555D42990>, estimator=Pipeline(memory=Memory(location=None),
         steps=[('numerical_imputer',
                 TransformerWrapper(include=[], transformer=SimpleImputer())),
                ('categorical_imputer',
                 TransformerWrapper(include=['age', 'edu_level', 'fav_animals',
                                             'fav_place', 'gender'],
                                    transformer=SimpleImputer(strategy='most_frequent'))),
                ('ordinal_encoding',
                 TransformerWrapper(include=['gender'],
                                    transfo...
                                                               mapping=[{'col': 'gender',
                                                                         'data_type': dtype('O'),
                                                                         'mapping': Kobieta      0
Mê¿czyzna    1
NaN         -1
dtype: int64}]))),
                ('onehot_encoding',
                 TransformerWrapper(include=['age', 'edu_level', 'fav_animals',
                                             'fav_place'],
                                    transformer=OneHotEncoder(cols=['age',
                                                                    'edu_level',
                                                                    'fav_animals',
                                                                    'fav_place'],
                                                              handle_missing='return_nan',
                                                              use_cat_names=True))),
                ('trained_model', KMeans(random_state=123))]), ml_usecase=None)
2024-12-30 18:31:38,359:INFO:Set up data.
